<?xml version="1.0" encoding="UTF-8"?>
<testng-results total="1" passed="1" failed="0" skipped="0">
  <reporter-output>
  </reporter-output>
  <suite started-at="2023-01-11T05:22:31Z" name="Default suite" finished-at="2023-01-11T05:24:14Z" duration-ms="103804">
    <groups>
    </groups>
    <test started-at="2023-01-11T05:22:31Z" name="Default test" finished-at="2023-01-11T05:24:14Z" duration-ms="103804">
      <class name="org.testing.testScript.TestCase1">
        <test-method is-config="true" signature="browselaunch()[pri:0, instance:org.testing.testScript.TestCase1@2ce45a7b]" started-at="2023-01-11T10:52:31Z" name="browselaunch" finished-at="2023-01-11T10:52:46Z" duration-ms="14890" status="PASS">
          <reporter-output>
          </reporter-output>
        </test-method> <!-- browselaunch -->
        <test-method signature="login_Tending()[pri:0, instance:org.testing.testScript.TestCase1@2ce45a7b]" started-at="2023-01-11T10:52:46Z" name="login_Tending" finished-at="2023-01-11T10:54:13Z" duration-ms="87003" status="PASS">
          <reporter-output>
          </reporter-output>
        </test-method> <!-- login_Tending -->
        <test-method is-config="true" signature="BrowserClose()[pri:0, instance:org.testing.testScript.TestCase1@2ce45a7b]" started-at="2023-01-11T10:54:13Z" name="BrowserClose" finished-at="2023-01-11T10:54:14Z" duration-ms="1887" status="PASS">
          <reporter-output>
          </reporter-output>
        </test-method> <!-- BrowserClose -->
      </class> <!-- org.testing.testScript.TestCase1 -->
    </test> <!-- Default test -->
  </suite> <!-- Default suite -->
</testng-results>
